2012-04-19 15:45:51,417 - Loaded System Directive: org.apache.velocity.runtime.directive.Include
2012-04-19 15:45:51,418 - Loaded System Directive: org.apache.velocity.runtime.directive.Foreach
2012-04-19 15:45:51,473 - Created '20' parsers.
2012-04-19 15:45:51,477 - Velocimacro : "velocimacro.library" is not set.  Trying default library: VM_global_library.vm
2012-04-19 15:45:51,478 - Could not load resource 'VM_global_library.vm' from ResourceLoader org.apache.velocity.runtime.resource.loader.ClasspathResourceLoader: ClasspathResourceLoader Error: cannot find resource VM_global_library.vm
2012-04-19 15:45:51,478 - Velocimacro : Default library not found.
2012-04-19 15:45:51,478 - Velocimacro : allowInline = true : VMs can be defined inline in templates
2012-04-19 15:45:51,478 - Velocimacro : allowInlineToOverride = false : VMs defined inline may NOT replace previous VM definitions
2012-04-19 15:45:51,478 - Velocimacro : allowInlineLocal = false : VMs defined inline will be global in scope if allowed.
2012-04-19 15:45:51,478 - Velocimacro : autoload off : VM system will not automatically reload global library macros
2012-04-19 15:45:51,486 - ResourceManager : found /br/com/oncast/ontrack/server/services/email/sendFeedback.html with loader org.apache.velocity.runtime.resource.loader.ClasspathResourceLoader
2012-04-19 15:52:48,803 - Log4JLogChute initialized using file 'velocity.log'
2012-04-19 15:52:48,803 - Initializing Velocity, Calling init()...
2012-04-19 15:52:48,803 - Starting Apache Velocity v1.7 (compiled: 2010-11-19 12:14:37)
2012-04-19 15:52:48,803 - Default Properties File: org/apache/velocity/runtime/defaults/velocity.properties
2012-04-19 15:52:48,803 - Trying to use logger class org.apache.velocity.runtime.log.AvalonLogChute
2012-04-19 15:52:48,803 - Target log system for org.apache.velocity.runtime.log.AvalonLogChute is not available (java.lang.NoClassDefFoundError: org/apache/log/format/Formatter).  Falling back to next log system...
2012-04-19 15:52:48,803 - Trying to use logger class org.apache.velocity.runtime.log.Log4JLogChute
2012-04-19 15:52:48,803 - Using logger class org.apache.velocity.runtime.log.Log4JLogChute
2012-04-19 15:52:48,803 - ResourceLoader instantiated: org.apache.velocity.runtime.resource.loader.ClasspathResourceLoader
2012-04-19 15:52:48,803 - ResourceCache: initialized (class org.apache.velocity.runtime.resource.ResourceCacheImpl) with class java.util.Collections$SynchronizedMap cache map.
2012-04-19 15:52:48,803 - Loaded System Directive: org.apache.velocity.runtime.directive.Stop
2012-04-19 15:52:48,803 - Loaded System Directive: org.apache.velocity.runtime.directive.Define
2012-04-19 15:52:48,803 - Loaded System Directive: org.apache.velocity.runtime.directive.Break
2012-04-19 15:52:48,804 - Loaded System Directive: org.apache.velocity.runtime.directive.Evaluate
2012-04-19 15:52:48,804 - Loaded System Directive: org.apache.velocity.runtime.directive.Literal
2012-04-19 15:52:48,804 - Loaded System Directive: org.apache.velocity.runtime.directive.Macro
2012-04-19 15:52:48,804 - Loaded System Directive: org.apache.velocity.runtime.directive.Parse
2012-04-19 15:52:48,804 - Loaded System Directive: org.apache.velocity.runtime.directive.Include
2012-04-19 15:52:48,804 - Loaded System Directive: org.apache.velocity.runtime.directive.Foreach
2012-04-19 15:52:48,804 - Created '20' parsers.
2012-04-19 15:52:48,804 - Velocimacro : "velocimacro.library" is not set.  Trying default library: VM_global_library.vm
2012-04-19 15:52:48,805 - Could not load resource 'VM_global_library.vm' from ResourceLoader org.apache.velocity.runtime.resource.loader.ClasspathResourceLoader: ClasspathResourceLoader Error: cannot find resource VM_global_library.vm
2012-04-19 15:52:48,805 - Velocimacro : Default library not found.
2012-04-19 15:52:48,805 - Velocimacro : allowInline = true : VMs can be defined inline in templates
2012-04-19 15:52:48,805 - Velocimacro : allowInlineToOverride = false : VMs defined inline may NOT replace previous VM definitions
2012-04-19 15:52:48,805 - Velocimacro : allowInlineLocal = false : VMs defined inline will be global in scope if allowed.
2012-04-19 15:52:48,825 - Velocimacro : autoload off : VM system will not automatically reload global library macros
2012-04-19 15:52:48,826 - ResourceManager : found /br/com/oncast/ontrack/server/services/email/sendFeedback.html with loader org.apache.velocity.runtime.resource.loader.ClasspathResourceLoader
2012-04-19 15:59:51,615 - Log4JLogChute initialized using file 'velocity.log'
2012-04-19 15:59:51,635 - Initializing Velocity, Calling init()...
2012-04-19 15:59:51,635 - Starting Apache Velocity v1.7 (compiled: 2010-11-19 12:14:37)
2012-04-19 15:59:51,635 - Default Properties File: org/apache/velocity/runtime/defaults/velocity.properties
2012-04-19 15:59:51,635 - Trying to use logger class org.apache.velocity.runtime.log.AvalonLogChute
2012-04-19 15:59:51,635 - Target log system for org.apache.velocity.runtime.log.AvalonLogChute is not available (java.lang.NoClassDefFoundError: org/apache/log/format/Formatter).  Falling back to next log system...
2012-04-19 15:59:51,635 - Trying to use logger class org.apache.velocity.runtime.log.Log4JLogChute
2012-04-19 15:59:51,635 - Using logger class org.apache.velocity.runtime.log.Log4JLogChute
2012-04-19 15:59:51,635 - ResourceLoader instantiated: org.apache.velocity.runtime.resource.loader.ClasspathResourceLoader
2012-04-19 15:59:51,635 - ResourceCache: initialized (class org.apache.velocity.runtime.resource.ResourceCacheImpl) with class java.util.Collections$SynchronizedMap cache map.
2012-04-19 15:59:51,636 - Loaded System Directive: org.apache.velocity.runtime.directive.Stop
2012-04-19 15:59:51,636 - Loaded System Directive: org.apache.velocity.runtime.directive.Define
2012-04-19 15:59:51,636 - Loaded System Directive: org.apache.velocity.runtime.directive.Break
2012-04-19 15:59:51,636 - Loaded System Directive: org.apache.velocity.runtime.directive.Evaluate
2012-04-19 15:59:51,636 - Loaded System Directive: org.apache.velocity.runtime.directive.Literal
2012-04-19 15:59:51,636 - Loaded System Directive: org.apache.velocity.runtime.directive.Macro
2012-04-19 15:59:51,636 - Loaded System Directive: org.apache.velocity.runtime.directive.Parse
2012-04-19 15:59:51,636 - Loaded System Directive: org.apache.velocity.runtime.directive.Include
2012-04-19 15:59:51,636 - Loaded System Directive: org.apache.velocity.runtime.directive.Foreach
2012-04-19 15:59:51,637 - Created '20' parsers.
2012-04-19 15:59:51,637 - Velocimacro : "velocimacro.library" is not set.  Trying default library: VM_global_library.vm
2012-04-19 15:59:51,637 - Could not load resource 'VM_global_library.vm' from ResourceLoader org.apache.velocity.runtime.resource.loader.ClasspathResourceLoader: ClasspathResourceLoader Error: cannot find resource VM_global_library.vm
2012-04-19 15:59:51,637 - Velocimacro : Default library not found.
2012-04-19 15:59:51,637 - Velocimacro : allowInline = true : VMs can be defined inline in templates
2012-04-19 15:59:51,637 - Velocimacro : allowInlineToOverride = false : VMs defined inline may NOT replace previous VM definitions
2012-04-19 15:59:51,637 - Velocimacro : allowInlineLocal = false : VMs defined inline will be global in scope if allowed.
2012-04-19 15:59:51,637 - Velocimacro : autoload off : VM system will not automatically reload global library macros
2012-04-19 15:59:51,661 - ResourceManager : found /br/com/oncast/ontrack/server/services/email/authMailNewUser.html with loader org.apache.velocity.runtime.resource.loader.ClasspathResourceLoader
2012-04-19 16:00:19,815 - Log4JLogChute initialized using file 'velocity.log'
2012-04-19 16:00:19,846 - Initializing Velocity, Calling init()...
2012-04-19 16:00:19,846 - Starting Apache Velocity v1.7 (compiled: 2010-11-19 12:14:37)
2012-04-19 16:00:19,846 - Default Properties File: org/apache/velocity/runtime/defaults/velocity.properties
2012-04-19 16:00:19,846 - Trying to use logger class org.apache.velocity.runtime.log.AvalonLogChute
2012-04-19 16:00:19,846 - Target log system for org.apache.velocity.runtime.log.AvalonLogChute is not available (java.lang.NoClassDefFoundError: org/apache/log/format/Formatter).  Falling back to next log system...
2012-04-19 16:00:19,846 - Trying to use logger class org.apache.velocity.runtime.log.Log4JLogChute
2012-04-19 16:00:19,846 - Using logger class org.apache.velocity.runtime.log.Log4JLogChute
2012-04-19 16:00:19,846 - ResourceLoader instantiated: org.apache.velocity.runtime.resource.loader.ClasspathResourceLoader
2012-04-19 16:00:19,846 - ResourceCache: initialized (class org.apache.velocity.runtime.resource.ResourceCacheImpl) with class java.util.Collections$SynchronizedMap cache map.
2012-04-19 16:00:19,847 - Loaded System Directive: org.apache.velocity.runtime.directive.Stop
2012-04-19 16:00:19,847 - Loaded System Directive: org.apache.velocity.runtime.directive.Define
2012-04-19 16:00:19,847 - Loaded System Directive: org.apache.velocity.runtime.directive.Break
2012-04-19 16:00:19,847 - Loaded System Directive: org.apache.velocity.runtime.directive.Evaluate
2012-04-19 16:00:19,847 - Loaded System Directive: org.apache.velocity.runtime.directive.Literal
2012-04-19 16:00:19,847 - Loaded System Directive: org.apache.velocity.runtime.directive.Macro
2012-04-19 16:00:19,847 - Loaded System Directive: org.apache.velocity.runtime.directive.Parse
2012-04-19 16:00:19,847 - Loaded System Directive: org.apache.velocity.runtime.directive.Include
2012-04-19 16:00:19,847 - Loaded System Directive: org.apache.velocity.runtime.directive.Foreach
2012-04-19 16:00:19,848 - Created '20' parsers.
2012-04-19 16:00:19,848 - Velocimacro : "velocimacro.library" is not set.  Trying default library: VM_global_library.vm
2012-04-19 16:00:19,848 - Could not load resource 'VM_global_library.vm' from ResourceLoader org.apache.velocity.runtime.resource.loader.ClasspathResourceLoader: ClasspathResourceLoader Error: cannot find resource VM_global_library.vm
2012-04-19 16:00:19,848 - Velocimacro : Default library not found.
2012-04-19 16:00:19,848 - Velocimacro : allowInline = true : VMs can be defined inline in templates
2012-04-19 16:00:19,848 - Velocimacro : allowInlineToOverride = false : VMs defined inline may NOT replace previous VM definitions
2012-04-19 16:00:19,848 - Velocimacro : allowInlineLocal = false : VMs defined inline will be global in scope if allowed.
2012-04-19 16:00:19,848 - Velocimacro : autoload off : VM system will not automatically reload global library macros
2012-04-19 16:00:19,860 - ResourceManager : found /br/com/oncast/ontrack/server/services/email/authMailNewUser.html with loader org.apache.velocity.runtime.resource.loader.ClasspathResourceLoader
2012-04-19 16:00:29,404 - Log4JLogChute initialized using file 'velocity.log'
2012-04-19 16:00:29,404 - Initializing Velocity, Calling init()...
2012-04-19 16:00:29,404 - Starting Apache Velocity v1.7 (compiled: 2010-11-19 12:14:37)
2012-04-19 16:00:29,404 - Default Properties File: org/apache/velocity/runtime/defaults/velocity.properties
2012-04-19 16:00:29,404 - Trying to use logger class org.apache.velocity.runtime.log.AvalonLogChute
2012-04-19 16:00:29,404 - Target log system for org.apache.velocity.runtime.log.AvalonLogChute is not available (java.lang.NoClassDefFoundError: org/apache/log/format/Formatter).  Falling back to next log system...
2012-04-19 16:00:29,404 - Trying to use logger class org.apache.velocity.runtime.log.Log4JLogChute
2012-04-19 16:00:29,404 - Using logger class org.apache.velocity.runtime.log.Log4JLogChute
2012-04-19 16:00:29,405 - ResourceLoader instantiated: org.apache.velocity.runtime.resource.loader.ClasspathResourceLoader
2012-04-19 16:00:29,405 - ResourceCache: initialized (class org.apache.velocity.runtime.resource.ResourceCacheImpl) with class java.util.Collections$SynchronizedMap cache map.
2012-04-19 16:00:29,405 - Loaded System Directive: org.apache.velocity.runtime.directive.Stop
2012-04-19 16:00:29,405 - Loaded System Directive: org.apache.velocity.runtime.directive.Define
2012-04-19 16:00:29,405 - Loaded System Directive: org.apache.velocity.runtime.directive.Break
2012-04-19 16:00:29,405 - Loaded System Directive: org.apache.velocity.runtime.directive.Evaluate
2012-04-19 16:00:29,405 - Loaded System Directive: org.apache.velocity.runtime.directive.Literal
2012-04-19 16:00:29,405 - Loaded System Directive: org.apache.velocity.runtime.directive.Macro
2012-04-19 16:00:29,405 - Loaded System Directive: org.apache.velocity.runtime.directive.Parse
2012-04-19 16:00:29,405 - Loaded System Directive: org.apache.velocity.runtime.directive.Include
2012-04-19 16:00:29,405 - Loaded System Directive: org.apache.velocity.runtime.directive.Foreach
2012-04-19 16:00:29,407 - Created '20' parsers.
2012-04-19 16:00:29,407 - Velocimacro : "velocimacro.library" is not set.  Trying default library: VM_global_library.vm
2012-04-19 16:00:29,407 - Could not load resource 'VM_global_library.vm' from ResourceLoader org.apache.velocity.runtime.resource.loader.ClasspathResourceLoader: ClasspathResourceLoader Error: cannot find resource VM_global_library.vm
2012-04-19 16:00:29,407 - Velocimacro : Default library not found.
2012-04-19 16:00:29,407 - Velocimacro : allowInline = true : VMs can be defined inline in templates
2012-04-19 16:00:29,407 - Velocimacro : allowInlineToOverride = false : VMs defined inline may NOT replace previous VM definitions
2012-04-19 16:00:29,407 - Velocimacro : allowInlineLocal = false : VMs defined inline will be global in scope if allowed.
2012-04-19 16:00:29,407 - Velocimacro : autoload off : VM system will not automatically reload global library macros
2012-04-19 16:00:29,408 - ResourceManager : found /br/com/oncast/ontrack/server/services/email/authMailNewUser.html with loader org.apache.velocity.runtime.resource.loader.ClasspathResourceLoader
2012-04-19 16:00:35,672 - Log4JLogChute initialized using file 'velocity.log'
2012-04-19 16:00:35,672 - Log4JLogChute initialized using file 'velocity.log'
2012-04-19 16:00:35,672 - Initializing Velocity, Calling init()...
2012-04-19 16:00:35,672 - Initializing Velocity, Calling init()...
2012-04-19 16:00:35,672 - Starting Apache Velocity v1.7 (compiled: 2010-11-19 12:14:37)
2012-04-19 16:00:35,672 - Starting Apache Velocity v1.7 (compiled: 2010-11-19 12:14:37)
2012-04-19 16:00:35,672 - Default Properties File: org/apache/velocity/runtime/defaults/velocity.properties
2012-04-19 16:00:35,672 - Default Properties File: org/apache/velocity/runtime/defaults/velocity.properties
2012-04-19 16:00:35,672 - Trying to use logger class org.apache.velocity.runtime.log.AvalonLogChute
2012-04-19 16:00:35,672 - Trying to use logger class org.apache.velocity.runtime.log.AvalonLogChute
2012-04-19 16:00:35,672 - Target log system for org.apache.velocity.runtime.log.AvalonLogChute is not available (java.lang.NoClassDefFoundError: org/apache/log/format/Formatter).  Falling back to next log system...
2012-04-19 16:00:35,672 - Target log system for org.apache.velocity.runtime.log.AvalonLogChute is not available (java.lang.NoClassDefFoundError: org/apache/log/format/Formatter).  Falling back to next log system...
2012-04-19 16:00:35,672 - Trying to use logger class org.apache.velocity.runtime.log.Log4JLogChute
2012-04-19 16:00:35,672 - Trying to use logger class org.apache.velocity.runtime.log.Log4JLogChute
2012-04-19 16:00:35,672 - Using logger class org.apache.velocity.runtime.log.Log4JLogChute
2012-04-19 16:00:35,672 - Using logger class org.apache.velocity.runtime.log.Log4JLogChute
2012-04-19 16:00:35,672 - ResourceLoader instantiated: org.apache.velocity.runtime.resource.loader.ClasspathResourceLoader
2012-04-19 16:00:35,672 - ResourceLoader instantiated: org.apache.velocity.runtime.resource.loader.ClasspathResourceLoader
2012-04-19 16:00:35,672 - ResourceCache: initialized (class org.apache.velocity.runtime.resource.ResourceCacheImpl) with class java.util.Collections$SynchronizedMap cache map.
2012-04-19 16:00:35,672 - ResourceCache: initialized (class org.apache.velocity.runtime.resource.ResourceCacheImpl) with class java.util.Collections$SynchronizedMap cache map.
2012-04-19 16:00:35,673 - Loaded System Directive: org.apache.velocity.runtime.directive.Stop
2012-04-19 16:00:35,673 - Loaded System Directive: org.apache.velocity.runtime.directive.Stop
2012-04-19 16:00:35,673 - Loaded System Directive: org.apache.velocity.runtime.directive.Define
2012-04-19 16:00:35,673 - Loaded System Directive: org.apache.velocity.runtime.directive.Define
2012-04-19 16:00:35,673 - Loaded System Directive: org.apache.velocity.runtime.directive.Break
2012-04-19 16:00:35,673 - Loaded System Directive: org.apache.velocity.runtime.directive.Break
2012-04-19 16:00:35,673 - Loaded System Directive: org.apache.velocity.runtime.directive.Evaluate
2012-04-19 16:00:35,673 - Loaded System Directive: org.apache.velocity.runtime.directive.Evaluate
2012-04-19 16:00:35,673 - Loaded System Directive: org.apache.velocity.runtime.directive.Literal
2012-04-19 16:00:35,673 - Loaded System Directive: org.apache.velocity.runtime.directive.Literal
2012-04-19 16:00:35,673 - Loaded System Directive: org.apache.velocity.runtime.directive.Macro
2012-04-19 16:00:35,673 - Loaded System Directive: org.apache.velocity.runtime.directive.Macro
2012-04-19 16:00:35,673 - Loaded System Directive: org.apache.velocity.runtime.directive.Parse
2012-04-19 16:00:35,673 - Loaded System Directive: org.apache.velocity.runtime.directive.Parse
2012-04-19 16:00:35,673 - Loaded System Directive: org.apache.velocity.runtime.directive.Include
2012-04-19 16:00:35,673 - Loaded System Directive: org.apache.velocity.runtime.directive.Include
2012-04-19 16:00:35,673 - Loaded System Directive: org.apache.velocity.runtime.directive.Foreach
2012-04-19 16:00:35,673 - Loaded System Directive: org.apache.velocity.runtime.directive.Foreach
2012-04-19 16:00:35,674 - Created '20' parsers.
2012-04-19 16:00:35,674 - Created '20' parsers.
2012-04-19 16:00:35,674 - Velocimacro : "velocimacro.library" is not set.  Trying default library: VM_global_library.vm
2012-04-19 16:00:35,674 - Velocimacro : "velocimacro.library" is not set.  Trying default library: VM_global_library.vm
2012-04-19 16:00:35,675 - Could not load resource 'VM_global_library.vm' from ResourceLoader org.apache.velocity.runtime.resource.loader.ClasspathResourceLoader: ClasspathResourceLoader Error: cannot find resource VM_global_library.vm
2012-04-19 16:00:35,675 - Could not load resource 'VM_global_library.vm' from ResourceLoader org.apache.velocity.runtime.resource.loader.ClasspathResourceLoader: ClasspathResourceLoader Error: cannot find resource VM_global_library.vm
2012-04-19 16:00:35,675 - Velocimacro : Default library not found.
2012-04-19 16:00:35,675 - Velocimacro : Default library not found.
2012-04-19 16:00:35,675 - Velocimacro : allowInline = true : VMs can be defined inline in templates
2012-04-19 16:00:35,675 - Velocimacro : allowInline = true : VMs can be defined inline in templates
2012-04-19 16:00:35,675 - Velocimacro : allowInlineToOverride = false : VMs defined inline may NOT replace previous VM definitions
2012-04-19 16:00:35,675 - Velocimacro : allowInlineToOverride = false : VMs defined inline may NOT replace previous VM definitions
2012-04-19 16:00:35,675 - Velocimacro : allowInlineLocal = false : VMs defined inline will be global in scope if allowed.
2012-04-19 16:00:35,675 - Velocimacro : allowInlineLocal = false : VMs defined inline will be global in scope if allowed.
2012-04-19 16:00:35,675 - Velocimacro : autoload off : VM system will not automatically reload global library macros
2012-04-19 16:00:35,675 - Velocimacro : autoload off : VM system will not automatically reload global library macros
2012-04-19 16:00:35,676 - ResourceManager : found /br/com/oncast/ontrack/server/services/email/authMailNewUser.html with loader org.apache.velocity.runtime.resource.loader.ClasspathResourceLoader
2012-04-19 16:00:35,676 - ResourceManager : found /br/com/oncast/ontrack/server/services/email/authMailNewUser.html with loader org.apache.velocity.runtime.resource.loader.ClasspathResourceLoader
2012-04-19 16:00:42,408 - Log4JLogChute initialized using file 'velocity.log'
2012-04-19 16:00:42,408 - Initializing Velocity, Calling init()...
2012-04-19 16:00:42,408 - Starting Apache Velocity v1.7 (compiled: 2010-11-19 12:14:37)
2012-04-19 16:00:42,408 - Default Properties File: org/apache/velocity/runtime/defaults/velocity.properties
2012-04-19 16:00:42,408 - Trying to use logger class org.apache.velocity.runtime.log.AvalonLogChute
2012-04-19 16:00:42,408 - Target log system for org.apache.velocity.runtime.log.AvalonLogChute is not available (java.lang.NoClassDefFoundError: org/apache/log/format/Formatter).  Falling back to next log system...
2012-04-19 16:00:42,408 - Trying to use logger class org.apache.velocity.runtime.log.Log4JLogChute
2012-04-19 16:00:42,408 - Using logger class org.apache.velocity.runtime.log.Log4JLogChute
2012-04-19 16:00:42,408 - ResourceLoader instantiated: org.apache.velocity.runtime.resource.loader.ClasspathResourceLoader
2012-04-19 16:00:42,408 - ResourceCache: initialized (class org.apache.velocity.runtime.resource.ResourceCacheImpl) with class java.util.Collections$SynchronizedMap cache map.
2012-04-19 16:00:42,409 - Loaded System Directive: org.apache.velocity.runtime.directive.Stop
2012-04-19 16:00:42,409 - Loaded System Directive: org.apache.velocity.runtime.directive.Define
2012-04-19 16:00:42,409 - Loaded System Directive: org.apache.velocity.runtime.directive.Break
2012-04-19 16:00:42,409 - Loaded System Directive: org.apache.velocity.runtime.directive.Evaluate
2012-04-19 16:00:42,409 - Loaded System Directive: org.apache.velocity.runtime.directive.Literal
2012-04-19 16:00:42,409 - Loaded System Directive: org.apache.velocity.runtime.directive.Macro
2012-04-19 16:00:42,409 - Loaded System Directive: org.apache.velocity.runtime.directive.Parse
2012-04-19 16:00:42,409 - Loaded System Directive: org.apache.velocity.runtime.directive.Include
2012-04-19 16:00:42,409 - Loaded System Directive: org.apache.velocity.runtime.directive.Foreach
2012-04-19 16:00:42,410 - Created '20' parsers.
2012-04-19 16:00:42,411 - Velocimacro : "velocimacro.library" is not set.  Trying default library: VM_global_library.vm
2012-04-19 16:00:42,411 - Could not load resource 'VM_global_library.vm' from ResourceLoader org.apache.velocity.runtime.resource.loader.ClasspathResourceLoader: ClasspathResourceLoader Error: cannot find resource VM_global_library.vm
2012-04-19 16:00:42,411 - Velocimacro : Default library not found.
2012-04-19 16:00:42,411 - Velocimacro : allowInline = true : VMs can be defined inline in templates
2012-04-19 16:00:42,411 - Velocimacro : allowInlineToOverride = false : VMs defined inline may NOT replace previous VM definitions
2012-04-19 16:00:42,411 - Velocimacro : allowInlineLocal = false : VMs defined inline will be global in scope if allowed.
2012-04-19 16:00:42,411 - Velocimacro : autoload off : VM system will not automatically reload global library macros
2012-04-19 16:00:42,412 - ResourceManager : found /br/com/oncast/ontrack/server/services/email/authMailNewUser.html with loader org.apache.velocity.runtime.resource.loader.ClasspathResourceLoader
2012-04-19 16:05:37,099 - Log4JLogChute initialized using file 'velocity.log'
2012-04-19 16:05:37,120 - Initializing Velocity, Calling init()...
2012-04-19 16:05:37,120 - Starting Apache Velocity v1.7 (compiled: 2010-11-19 12:14:37)
2012-04-19 16:05:37,120 - Default Properties File: org/apache/velocity/runtime/defaults/velocity.properties
2012-04-19 16:05:37,120 - Trying to use logger class org.apache.velocity.runtime.log.AvalonLogChute
2012-04-19 16:05:37,120 - Target log system for org.apache.velocity.runtime.log.AvalonLogChute is not available (java.lang.NoClassDefFoundError: org/apache/log/format/Formatter).  Falling back to next log system...
2012-04-19 16:05:37,120 - Trying to use logger class org.apache.velocity.runtime.log.Log4JLogChute
2012-04-19 16:05:37,120 - Using logger class org.apache.velocity.runtime.log.Log4JLogChute
2012-04-19 16:05:37,120 - ResourceLoader instantiated: org.apache.velocity.runtime.resource.loader.ClasspathResourceLoader
2012-04-19 16:05:37,120 - ResourceCache: initialized (class org.apache.velocity.runtime.resource.ResourceCacheImpl) with class java.util.Collections$SynchronizedMap cache map.
2012-04-19 16:05:37,120 - Loaded System Directive: org.apache.velocity.runtime.directive.Stop
2012-04-19 16:05:37,120 - Loaded System Directive: org.apache.velocity.runtime.directive.Define
2012-04-19 16:05:37,120 - Loaded System Directive: org.apache.velocity.runtime.directive.Break
2012-04-19 16:05:37,121 - Loaded System Directive: org.apache.velocity.runtime.directive.Evaluate
2012-04-19 16:05:37,121 - Loaded System Directive: org.apache.velocity.runtime.directive.Literal
2012-04-19 16:05:37,121 - Loaded System Directive: org.apache.velocity.runtime.directive.Macro
2012-04-19 16:05:37,121 - Loaded System Directive: org.apache.velocity.runtime.directive.Parse
2012-04-19 16:05:37,121 - Loaded System Directive: org.apache.velocity.runtime.directive.Include
2012-04-19 16:05:37,121 - Loaded System Directive: org.apache.velocity.runtime.directive.Foreach
2012-04-19 16:05:37,121 - Created '20' parsers.
2012-04-19 16:05:37,121 - Velocimacro : "velocimacro.library" is not set.  Trying default library: VM_global_library.vm
2012-04-19 16:05:37,122 - Could not load resource 'VM_global_library.vm' from ResourceLoader org.apache.velocity.runtime.resource.loader.ClasspathResourceLoader: ClasspathResourceLoader Error: cannot find resource VM_global_library.vm
2012-04-19 16:05:37,122 - Velocimacro : Default library not found.
2012-04-19 16:05:37,122 - Velocimacro : allowInline = true : VMs can be defined inline in templates
2012-04-19 16:05:37,122 - Velocimacro : allowInlineToOverride = false : VMs defined inline may NOT replace previous VM definitions
2012-04-19 16:05:37,122 - Velocimacro : allowInlineLocal = false : VMs defined inline will be global in scope if allowed.
2012-04-19 16:05:37,122 - Velocimacro : autoload off : VM system will not automatically reload global library macros
2012-04-19 16:05:37,134 - ResourceManager : found /br/com/oncast/ontrack/server/services/email/projectCreationQuotaRequest.html with loader org.apache.velocity.runtime.resource.loader.ClasspathResourceLoader
